<?xml version="1.0" encoding="UTF-8" ?>
<testsuite errors="3" failures="7" hostname="ebianWheezy7" name="gmoney.MoneyTest" tests="10" time="0.137" timestamp="2014-05-18T20:41:17">
  <properties>
[...]
</properties>
  <testcase classname="gmoney.MoneyTest" name="testAdd_Money" time="0.012">
    <error type="java.lang.NullPointerException">java.lang.NullPointerException
	at gmoney.Money.add(Money.java:108)
	at gmoney.MoneyTest.testAdd_Money(MoneyTest.java:145)
</error>
  </testcase>
  <testcase classname="gmoney.MoneyTest" name="testSub_Money" time="0.003">
    <error type="java.lang.NullPointerException">java.lang.NullPointerException
	at gmoney.Money.sub(Money.java:121)
	at gmoney.MoneyTest.testSub_Money(MoneyTest.java:158)
</error>
  </testcase>
  <testcase classname="gmoney.MoneyTest" name="testToString" time="0.004">
    <failure message="expected:&lt;[]&gt; but was:&lt;[0.0 EUR]&gt;" type="junit.framework.AssertionFailedError">junit.framework.AssertionFailedError: expected:&lt;[]&gt; but was:&lt;[0.0 EUR]&gt;
	at gmoney.MoneyTest.testToString(MoneyTest.java:172)
</failure>
  </testcase>
  <testcase classname="gmoney.MoneyTest" name="testGetCurrency" time="0.002">
    <failure message="expected:&lt;[]&gt; but was:&lt;[EUR]&gt;" type="junit.framework.AssertionFailedError">junit.framework.AssertionFailedError: expected:&lt;[]&gt; but was:&lt;[EUR]&gt;
	at gmoney.MoneyTest.testGetCurrency(MoneyTest.java:62)
</failure>
  </testcase>
  <testcase classname="gmoney.MoneyTest" name="testCheckCurrency_Money" time="0.002">
    <error type="java.lang.NullPointerException">java.lang.NullPointerException
	at gmoney.Money.checkCurrency(Money.java:55)
	at gmoney.MoneyTest.testCheckCurrency_Money(MoneyTest.java:76)
</error>
  </testcase>
  <testcase classname="gmoney.MoneyTest" name="testCheckCurrency_String" time="0.006">
    <failure message="The test case is a prototype." type="junit.framework.AssertionFailedError">junit.framework.AssertionFailedError: The test case is a prototype.
	at gmoney.MoneyTest.testCheckCurrency_String(MoneyTest.java:94)
</failure>
  </testcase>
  <testcase classname="gmoney.MoneyTest" name="testChangeCurrency" time="0.001">
    <failure message="The test case is a prototype." type="junit.framework.AssertionFailedError">junit.framework.AssertionFailedError: The test case is a prototype.
	at gmoney.MoneyTest.testChangeCurrency(MoneyTest.java:108)
</failure>
  </testcase>
  <testcase classname="gmoney.MoneyTest" name="testAdd_float" time="0.001">
    <failure message="The test case is a prototype." type="junit.framework.AssertionFailedError">junit.framework.AssertionFailedError: The test case is a prototype.
	at gmoney.MoneyTest.testAdd_float(MoneyTest.java:121)
</failure>
  </testcase>
  <testcase classname="gmoney.MoneyTest" name="testSub_float" time="0.007">
    <failure message="The test case is a prototype." type="junit.framework.AssertionFailedError">junit.framework.AssertionFailedError: The test case is a prototype.
	at gmoney.MoneyTest.testSub_float(MoneyTest.java:134)
</failure>
  </testcase>
  <testcase classname="gmoney.MoneyTest" name="testGetAmount" time="0.002">
    <failure message="The test case is a prototype." type="junit.framework.AssertionFailedError">junit.framework.AssertionFailedError: The test case is a prototype.
	at gmoney.MoneyTest.testGetAmount(MoneyTest.java:50)
</failure>
  </testcase>
  <system-out><![CDATA[add
sub
toString
getCurrency
checkCurrency
checkCurrency
changeCurrency
add
sub
getAmount
]]></system-out>
  <system-err><![CDATA[]]></system-err>
</testsuite>
